<?xml version="1.0" encoding="UTF-8"?>
<!-- Generated by org.testng.reporters.JUnitXMLReporter -->
<testsuite hostname="Ashu" ignored="0" name="Default test" tests="4" failures="0" timestamp="15 Sep 2018 09:24:07 GMT" time="0.082" errors="0">
  <testcase name="test1" time="0.016" classname="com.Vtiger.Automation.TestNG.TestNGDemo"/>
  <testcase name="test2" time="0.001" classname="com.Vtiger.Automation.TestNG.TestNGDemo"/>
  <testcase name="test3" time="0.005" classname="com.Vtiger.Automation.TestNG.TestNGDemo"/>
  <testcase name="test4" time="0.002" classname="com.Vtiger.Automation.TestNG.TestNGDemo"/>
</testsuite> <!-- Default test -->
