<?xml version="1.0" encoding="UTF-8"?>
<testng-results skipped="0" failed="0" ignored="0" total="4" passed="4">
  <reporter-output>
  </reporter-output>
  <suite name="Default suite" duration-ms="82" started-at="2018-09-15T09:24:07Z" finished-at="2018-09-15T09:24:07Z">
    <groups>
    </groups>
    <test name="Default test" duration-ms="82" started-at="2018-09-15T09:24:07Z" finished-at="2018-09-15T09:24:07Z">
      <class name="com.Vtiger.Automation.TestNG.TestNGDemo">
        <test-method status="PASS" signature="test1()[pri:0, instance:com.Vtiger.Automation.TestNG.TestNGDemo@704a52ec]" name="test1" duration-ms="16" started-at="2018-09-15T09:24:07Z" finished-at="2018-09-15T09:24:07Z">
          <reporter-output>
          </reporter-output>
        </test-method> <!-- test1 -->
        <test-method status="PASS" signature="test2()[pri:0, instance:com.Vtiger.Automation.TestNG.TestNGDemo@704a52ec]" name="test2" duration-ms="1" started-at="2018-09-15T09:24:07Z" finished-at="2018-09-15T09:24:07Z">
          <reporter-output>
          </reporter-output>
        </test-method> <!-- test2 -->
        <test-method status="PASS" signature="test3()[pri:0, instance:com.Vtiger.Automation.TestNG.TestNGDemo@704a52ec]" name="test3" duration-ms="5" started-at="2018-09-15T09:24:07Z" finished-at="2018-09-15T09:24:07Z">
          <reporter-output>
          </reporter-output>
        </test-method> <!-- test3 -->
        <test-method status="PASS" signature="test4()[pri:0, instance:com.Vtiger.Automation.TestNG.TestNGDemo@704a52ec]" name="test4" duration-ms="2" started-at="2018-09-15T09:24:07Z" finished-at="2018-09-15T09:24:07Z">
          <reporter-output>
          </reporter-output>
        </test-method> <!-- test4 -->
      </class> <!-- com.Vtiger.Automation.TestNG.TestNGDemo -->
    </test> <!-- Default test -->
  </suite> <!-- Default suite -->
</testng-results>
